<?xml version="1.0" encoding="UTF-8"?>
<!-- Generated by org.testng.reporters.JUnitXMLReporter -->
<testsuite hostname="DESKTOP-8V2MK3M" ignored="2" tests="1" failures="0" timestamp="2020-04-01T12:00:15 PDT" time="3.234" errors="0">
  <testcase name="test3" time="2.477" classname="RestAssuredTest"/>
  <testcase name="test1" time="0.0" classname="RestAssuredTest">
    <ignored/>
  </testcase> <!-- test1 -->
  <testcase name="test2" time="0.0" classname="RestAssuredTest">
    <ignored/>
  </testcase> <!-- test2 -->
</testsuite>
