<?xml version="1.0" encoding="UTF-8"?>
<testng-results skipped="0" failed="0" ignored="2" total="3" passed="1">
  <reporter-output>
  </reporter-output>
  <suite name="Default suite" duration-ms="3234" started-at="2020-04-01T12:00:11 PDT" finished-at="2020-04-01T12:00:15 PDT">
    <groups>
    </groups>
    <test name="Default test" duration-ms="3234" started-at="2020-04-01T12:00:11 PDT" finished-at="2020-04-01T12:00:15 PDT">
      <class name="RestAssuredTest">
        <test-method status="PASS" signature="setUp()[pri:0, instance:RestAssuredTest@15d0c81b]" name="setUp" is-config="true" duration-ms="712" started-at="2020-04-01T12:00:11 PDT" finished-at="2020-04-01T12:00:12 PDT">
          <reporter-output>
          </reporter-output>
        </test-method> <!-- setUp -->
        <test-method status="PASS" signature="test3()[pri:0, instance:RestAssuredTest@15d0c81b]" name="test3" duration-ms="2477" started-at="2020-04-01T12:00:12 PDT" finished-at="2020-04-01T12:00:15 PDT">
          <reporter-output>
          </reporter-output>
        </test-method> <!-- test3 -->
      </class> <!-- RestAssuredTest -->
    </test> <!-- Default test -->
  </suite> <!-- Default suite -->
</testng-results>
